<?xml version="1.0" encoding="UTF-8"?>
<testng-results ignored="0" total="1" passed="1" failed="0" skipped="0">
  <reporter-output>
    <line>
      <![CDATA[demo1 test2]]>
    </line>
  </reporter-output>
  <suite started-at="2024-08-20T08:07:52 IST" name="Default suite" finished-at="2024-08-20T08:07:52 IST" duration-ms="172">
    <groups>
    </groups>
    <test started-at="2024-08-20T08:07:52 IST" name="Default test" finished-at="2024-08-20T08:07:52 IST" duration-ms="172">
      <class name="demo1.Test2">
        <test-method signature="test2()[pri:0, instance:demo1.Test2@55183b20]" started-at="2024-08-20T08:07:52 IST" name="test2" finished-at="2024-08-20T08:07:52 IST" duration-ms="49" status="PASS">
          <reporter-output>
            <line>
              <![CDATA[demo1 test2]]>
            </line>
          </reporter-output>
        </test-method> <!-- test2 -->
      </class> <!-- demo1.Test2 -->
    </test> <!-- Default test -->
  </suite> <!-- Default suite -->
</testng-results>
